<?xml version="1.0" encoding="UTF-8"?>
<!-- Generated by org.testng.reporters.JUnitReportReporter -->
<testsuite hostname="ITEM-S102587" failures="0" tests="1" name="Selenium_Webdriver.Selenium_webdriver_01.Test_01" time="8.591" errors="0" timestamp="2021-07-07T13:28:58 CEST" skipped="0">
  <testcase classname="Selenium_Webdriver.Selenium_webdriver_01.Test_01" name="Test_Google" time="8.591"/>
  <system-out/>
</testsuite> <!-- Selenium_Webdriver.Selenium_webdriver_01.Test_01 -->
